2026-03-08 15:52:21,099:WARNING:
'cuml' is a soft dependency and not included in the pycaret installation. Please run: `pip install cuml` to install.
2026-03-08 15:52:21,099:WARNING:
'cuml' is a soft dependency and not included in the pycaret installation. Please run: `pip install cuml` to install.
2026-03-08 15:52:21,099:WARNING:
'cuml' is a soft dependency and not included in the pycaret installation. Please run: `pip install cuml` to install.
2026-03-08 15:52:21,100:WARNING:
'cuml' is a soft dependency and not included in the pycaret installation. Please run: `pip install cuml` to install.
2026-03-08 15:52:27,933:INFO:Initializing load_model()
2026-03-08 15:52:27,933:INFO:load_model(model_name=welcome_survey_clustering_pipeline_v2, platform=None, authentication=None, verbose=True)
2026-03-08 15:52:28,387:INFO:Initializing predict_model()
2026-03-08 15:52:28,387:INFO:predict_model(self=<pycaret.clustering.oop.ClusteringExperiment object at 0x0000026B871A2F10>, estimator=Pipeline(memory=Memory(location=None),
         steps=[('numerical_imputer',
                 TransformerWrapper(include=[], transformer=SimpleImputer())),
                ('categorical_imputer',
                 TransformerWrapper(include=['age', 'edu_level', 'fav_animals',
                                             'fav_place', 'gender'],
                                    transformer=SimpleImputer(strategy='most_frequent'))),
                ('ordinal_encoding',
                 TransformerWrapper(include=['gender'],
                                    transfo...
                                                                         'data_type': dtype('O'),
                                                                         'mapping': Kobieta      0
M篹czyzna    1
NaN         -1
dtype: int64}]))),
                ('onehot_encoding',
                 TransformerWrapper(include=['age', 'edu_level', 'fav_animals',
                                             'fav_place'],
                                    transformer=OneHotEncoder(cols=['age',
                                                                    'edu_level',
                                                                    'fav_animals',
                                                                    'fav_place'],
                                                              handle_missing='return_nan',
                                                              use_cat_names=True))),
                ('trained_model', KMeans(n_clusters=10, random_state=1234))]), ml_usecase=None)
2026-03-08 15:52:28,387:INFO:Set up data.
2026-03-08 15:52:28,727:INFO:Initializing predict_model()
2026-03-08 15:52:28,727:INFO:predict_model(self=<pycaret.clustering.oop.ClusteringExperiment object at 0x0000026B86CCCDD0>, estimator=Pipeline(memory=Memory(location=None),
         steps=[('numerical_imputer',
                 TransformerWrapper(include=[], transformer=SimpleImputer())),
                ('categorical_imputer',
                 TransformerWrapper(include=['age', 'edu_level', 'fav_animals',
                                             'fav_place', 'gender'],
                                    transformer=SimpleImputer(strategy='most_frequent'))),
                ('ordinal_encoding',
                 TransformerWrapper(include=['gender'],
                                    transfo...
                                                                         'data_type': dtype('O'),
                                                                         'mapping': Kobieta      0
M篹czyzna    1
NaN         -1
dtype: int64}]))),
                ('onehot_encoding',
                 TransformerWrapper(include=['age', 'edu_level', 'fav_animals',
                                             'fav_place'],
                                    transformer=OneHotEncoder(cols=['age',
                                                                    'edu_level',
                                                                    'fav_animals',
                                                                    'fav_place'],
                                                              handle_missing='return_nan',
                                                              use_cat_names=True))),
                ('trained_model', KMeans(n_clusters=10, random_state=1234))]), ml_usecase=None)
2026-03-08 15:52:28,727:INFO:Set up data.
2026-03-08 15:52:51,199:WARNING:
'cuml' is a soft dependency and not included in the pycaret installation. Please run: `pip install cuml` to install.
2026-03-08 15:52:51,200:WARNING:
'cuml' is a soft dependency and not included in the pycaret installation. Please run: `pip install cuml` to install.
2026-03-08 15:52:51,200:WARNING:
'cuml' is a soft dependency and not included in the pycaret installation. Please run: `pip install cuml` to install.
2026-03-08 15:52:51,200:WARNING:
'cuml' is a soft dependency and not included in the pycaret installation. Please run: `pip install cuml` to install.
2026-03-08 15:52:53,086:INFO:Initializing load_model()
2026-03-08 15:52:53,086:INFO:load_model(model_name=welcome_survey_clustering_pipeline_v2, platform=None, authentication=None, verbose=True)
2026-03-08 15:52:53,202:INFO:Initializing predict_model()
2026-03-08 15:52:53,202:INFO:predict_model(self=<pycaret.clustering.oop.ClusteringExperiment object at 0x0000022258BE4F90>, estimator=Pipeline(memory=Memory(location=None),
         steps=[('numerical_imputer',
                 TransformerWrapper(include=[], transformer=SimpleImputer())),
                ('categorical_imputer',
                 TransformerWrapper(include=['age', 'edu_level', 'fav_animals',
                                             'fav_place', 'gender'],
                                    transformer=SimpleImputer(strategy='most_frequent'))),
                ('ordinal_encoding',
                 TransformerWrapper(include=['gender'],
                                    transfo...
                                                                         'data_type': dtype('O'),
                                                                         'mapping': Kobieta      0
M篹czyzna    1
NaN         -1
dtype: int64}]))),
                ('onehot_encoding',
                 TransformerWrapper(include=['age', 'edu_level', 'fav_animals',
                                             'fav_place'],
                                    transformer=OneHotEncoder(cols=['age',
                                                                    'edu_level',
                                                                    'fav_animals',
                                                                    'fav_place'],
                                                              handle_missing='return_nan',
                                                              use_cat_names=True))),
                ('trained_model', KMeans(n_clusters=10, random_state=1234))]), ml_usecase=None)
2026-03-08 15:52:53,203:INFO:Set up data.
2026-03-08 15:52:53,420:INFO:Initializing predict_model()
2026-03-08 15:52:53,431:INFO:predict_model(self=<pycaret.clustering.oop.ClusteringExperiment object at 0x0000022258695010>, estimator=Pipeline(memory=Memory(location=None),
         steps=[('numerical_imputer',
                 TransformerWrapper(include=[], transformer=SimpleImputer())),
                ('categorical_imputer',
                 TransformerWrapper(include=['age', 'edu_level', 'fav_animals',
                                             'fav_place', 'gender'],
                                    transformer=SimpleImputer(strategy='most_frequent'))),
                ('ordinal_encoding',
                 TransformerWrapper(include=['gender'],
                                    transfo...
                                                                         'data_type': dtype('O'),
                                                                         'mapping': Kobieta      0
M篹czyzna    1
NaN         -1
dtype: int64}]))),
                ('onehot_encoding',
                 TransformerWrapper(include=['age', 'edu_level', 'fav_animals',
                                             'fav_place'],
                                    transformer=OneHotEncoder(cols=['age',
                                                                    'edu_level',
                                                                    'fav_animals',
                                                                    'fav_place'],
                                                              handle_missing='return_nan',
                                                              use_cat_names=True))),
                ('trained_model', KMeans(n_clusters=10, random_state=1234))]), ml_usecase=None)
2026-03-08 15:52:53,431:INFO:Set up data.
2026-03-08 15:52:59,805:INFO:Initializing predict_model()
2026-03-08 15:52:59,806:INFO:predict_model(self=<pycaret.clustering.oop.ClusteringExperiment object at 0x0000022260D5C350>, estimator=Pipeline(memory=Memory(location=None),
         steps=[('numerical_imputer',
                 TransformerWrapper(include=[], transformer=SimpleImputer())),
                ('categorical_imputer',
                 TransformerWrapper(include=['age', 'edu_level', 'fav_animals',
                                             'fav_place', 'gender'],
                                    transformer=SimpleImputer(strategy='most_frequent'))),
                ('ordinal_encoding',
                 TransformerWrapper(include=['gender'],
                                    transfo...
                                                                         'data_type': dtype('O'),
                                                                         'mapping': Kobieta      0
M篹czyzna    1
NaN         -1
dtype: int64}]))),
                ('onehot_encoding',
                 TransformerWrapper(include=['age', 'edu_level', 'fav_animals',
                                             'fav_place'],
                                    transformer=OneHotEncoder(cols=['age',
                                                                    'edu_level',
                                                                    'fav_animals',
                                                                    'fav_place'],
                                                              handle_missing='return_nan',
                                                              use_cat_names=True))),
                ('trained_model', KMeans(n_clusters=10, random_state=1234))]), ml_usecase=None)
2026-03-08 15:52:59,806:INFO:Set up data.
2026-03-08 15:53:04,661:INFO:Initializing predict_model()
2026-03-08 15:53:04,661:INFO:predict_model(self=<pycaret.clustering.oop.ClusteringExperiment object at 0x0000022260F1D3D0>, estimator=Pipeline(memory=Memory(location=None),
         steps=[('numerical_imputer',
                 TransformerWrapper(include=[], transformer=SimpleImputer())),
                ('categorical_imputer',
                 TransformerWrapper(include=['age', 'edu_level', 'fav_animals',
                                             'fav_place', 'gender'],
                                    transformer=SimpleImputer(strategy='most_frequent'))),
                ('ordinal_encoding',
                 TransformerWrapper(include=['gender'],
                                    transfo...
                                                                         'data_type': dtype('O'),
                                                                         'mapping': Kobieta      0
M篹czyzna    1
NaN         -1
dtype: int64}]))),
                ('onehot_encoding',
                 TransformerWrapper(include=['age', 'edu_level', 'fav_animals',
                                             'fav_place'],
                                    transformer=OneHotEncoder(cols=['age',
                                                                    'edu_level',
                                                                    'fav_animals',
                                                                    'fav_place'],
                                                              handle_missing='return_nan',
                                                              use_cat_names=True))),
                ('trained_model', KMeans(n_clusters=10, random_state=1234))]), ml_usecase=None)
2026-03-08 15:53:04,661:INFO:Set up data.
2026-03-08 16:45:40,626:INFO:Initializing predict_model()
2026-03-08 16:45:40,627:INFO:predict_model(self=<pycaret.clustering.oop.ClusteringExperiment object at 0x00000222610144D0>, estimator=Pipeline(memory=Memory(location=None),
         steps=[('numerical_imputer',
                 TransformerWrapper(include=[], transformer=SimpleImputer())),
                ('categorical_imputer',
                 TransformerWrapper(include=['age', 'edu_level', 'fav_animals',
                                             'fav_place', 'gender'],
                                    transformer=SimpleImputer(strategy='most_frequent'))),
                ('ordinal_encoding',
                 TransformerWrapper(include=['gender'],
                                    transfo...
                                                                         'data_type': dtype('O'),
                                                                         'mapping': Kobieta      0
M篹czyzna    1
NaN         -1
dtype: int64}]))),
                ('onehot_encoding',
                 TransformerWrapper(include=['age', 'edu_level', 'fav_animals',
                                             'fav_place'],
                                    transformer=OneHotEncoder(cols=['age',
                                                                    'edu_level',
                                                                    'fav_animals',
                                                                    'fav_place'],
                                                              handle_missing='return_nan',
                                                              use_cat_names=True))),
                ('trained_model', KMeans(n_clusters=10, random_state=1234))]), ml_usecase=None)
2026-03-08 16:45:40,627:INFO:Set up data.
2026-03-08 16:45:43,475:INFO:Initializing predict_model()
2026-03-08 16:45:43,476:INFO:predict_model(self=<pycaret.clustering.oop.ClusteringExperiment object at 0x000002225F7F3390>, estimator=Pipeline(memory=Memory(location=None),
         steps=[('numerical_imputer',
                 TransformerWrapper(include=[], transformer=SimpleImputer())),
                ('categorical_imputer',
                 TransformerWrapper(include=['age', 'edu_level', 'fav_animals',
                                             'fav_place', 'gender'],
                                    transformer=SimpleImputer(strategy='most_frequent'))),
                ('ordinal_encoding',
                 TransformerWrapper(include=['gender'],
                                    transfo...
                                                                         'data_type': dtype('O'),
                                                                         'mapping': Kobieta      0
M篹czyzna    1
NaN         -1
dtype: int64}]))),
                ('onehot_encoding',
                 TransformerWrapper(include=['age', 'edu_level', 'fav_animals',
                                             'fav_place'],
                                    transformer=OneHotEncoder(cols=['age',
                                                                    'edu_level',
                                                                    'fav_animals',
                                                                    'fav_place'],
                                                              handle_missing='return_nan',
                                                              use_cat_names=True))),
                ('trained_model', KMeans(n_clusters=10, random_state=1234))]), ml_usecase=None)
2026-03-08 16:45:43,476:INFO:Set up data.
2026-03-08 18:20:28,143:WARNING:
'cuml' is a soft dependency and not included in the pycaret installation. Please run: `pip install cuml` to install.
2026-03-08 18:20:28,144:WARNING:
'cuml' is a soft dependency and not included in the pycaret installation. Please run: `pip install cuml` to install.
2026-03-08 18:20:28,144:WARNING:
'cuml' is a soft dependency and not included in the pycaret installation. Please run: `pip install cuml` to install.
2026-03-08 18:20:28,144:WARNING:
'cuml' is a soft dependency and not included in the pycaret installation. Please run: `pip install cuml` to install.
2026-03-08 18:20:36,445:INFO:Initializing load_model()
2026-03-08 18:20:36,445:INFO:load_model(model_name=welcome_survey_clustering_pipeline_v2, platform=None, authentication=None, verbose=True)
2026-03-08 18:20:36,725:INFO:Initializing predict_model()
2026-03-08 18:20:36,725:INFO:predict_model(self=<pycaret.clustering.oop.ClusteringExperiment object at 0x000002233C768450>, estimator=Pipeline(memory=Memory(location=None),
         steps=[('numerical_imputer',
                 TransformerWrapper(include=[], transformer=SimpleImputer())),
                ('categorical_imputer',
                 TransformerWrapper(include=['age', 'edu_level', 'fav_animals',
                                             'fav_place', 'gender'],
                                    transformer=SimpleImputer(strategy='most_frequent'))),
                ('ordinal_encoding',
                 TransformerWrapper(include=['gender'],
                                    transfo...
                                                                         'data_type': dtype('O'),
                                                                         'mapping': Kobieta      0
M篹czyzna    1
NaN         -1
dtype: int64}]))),
                ('onehot_encoding',
                 TransformerWrapper(include=['age', 'edu_level', 'fav_animals',
                                             'fav_place'],
                                    transformer=OneHotEncoder(cols=['age',
                                                                    'edu_level',
                                                                    'fav_animals',
                                                                    'fav_place'],
                                                              handle_missing='return_nan',
                                                              use_cat_names=True))),
                ('trained_model', KMeans(n_clusters=10, random_state=1234))]), ml_usecase=None)
2026-03-08 18:20:36,725:INFO:Set up data.
2026-03-08 18:20:36,970:INFO:Initializing predict_model()
2026-03-08 18:20:36,970:INFO:predict_model(self=<pycaret.clustering.oop.ClusteringExperiment object at 0x000002233C7A5E50>, estimator=Pipeline(memory=Memory(location=None),
         steps=[('numerical_imputer',
                 TransformerWrapper(include=[], transformer=SimpleImputer())),
                ('categorical_imputer',
                 TransformerWrapper(include=['age', 'edu_level', 'fav_animals',
                                             'fav_place', 'gender'],
                                    transformer=SimpleImputer(strategy='most_frequent'))),
                ('ordinal_encoding',
                 TransformerWrapper(include=['gender'],
                                    transfo...
                                                                         'data_type': dtype('O'),
                                                                         'mapping': Kobieta      0
M篹czyzna    1
NaN         -1
dtype: int64}]))),
                ('onehot_encoding',
                 TransformerWrapper(include=['age', 'edu_level', 'fav_animals',
                                             'fav_place'],
                                    transformer=OneHotEncoder(cols=['age',
                                                                    'edu_level',
                                                                    'fav_animals',
                                                                    'fav_place'],
                                                              handle_missing='return_nan',
                                                              use_cat_names=True))),
                ('trained_model', KMeans(n_clusters=10, random_state=1234))]), ml_usecase=None)
2026-03-08 18:20:36,970:INFO:Set up data.
2026-03-08 18:21:17,213:WARNING:
'cuml' is a soft dependency and not included in the pycaret installation. Please run: `pip install cuml` to install.
2026-03-08 18:21:17,213:WARNING:
'cuml' is a soft dependency and not included in the pycaret installation. Please run: `pip install cuml` to install.
2026-03-08 18:21:17,213:WARNING:
'cuml' is a soft dependency and not included in the pycaret installation. Please run: `pip install cuml` to install.
2026-03-08 18:21:17,213:WARNING:
'cuml' is a soft dependency and not included in the pycaret installation. Please run: `pip install cuml` to install.
2026-03-08 18:21:19,280:INFO:Initializing load_model()
2026-03-08 18:21:19,280:INFO:load_model(model_name=welcome_survey_clustering_pipeline_v2, platform=None, authentication=None, verbose=True)
2026-03-08 18:21:19,405:INFO:Initializing predict_model()
2026-03-08 18:21:19,405:INFO:predict_model(self=<pycaret.clustering.oop.ClusteringExperiment object at 0x0000014E5F29A550>, estimator=Pipeline(memory=Memory(location=None),
         steps=[('numerical_imputer',
                 TransformerWrapper(include=[], transformer=SimpleImputer())),
                ('categorical_imputer',
                 TransformerWrapper(include=['age', 'edu_level', 'fav_animals',
                                             'fav_place', 'gender'],
                                    transformer=SimpleImputer(strategy='most_frequent'))),
                ('ordinal_encoding',
                 TransformerWrapper(include=['gender'],
                                    transfo...
                                                                         'data_type': dtype('O'),
                                                                         'mapping': Kobieta      0
M篹czyzna    1
NaN         -1
dtype: int64}]))),
                ('onehot_encoding',
                 TransformerWrapper(include=['age', 'edu_level', 'fav_animals',
                                             'fav_place'],
                                    transformer=OneHotEncoder(cols=['age',
                                                                    'edu_level',
                                                                    'fav_animals',
                                                                    'fav_place'],
                                                              handle_missing='return_nan',
                                                              use_cat_names=True))),
                ('trained_model', KMeans(n_clusters=10, random_state=1234))]), ml_usecase=None)
2026-03-08 18:21:19,405:INFO:Set up data.
2026-03-08 18:21:19,652:INFO:Initializing predict_model()
2026-03-08 18:21:19,653:INFO:predict_model(self=<pycaret.clustering.oop.ClusteringExperiment object at 0x0000014E604855D0>, estimator=Pipeline(memory=Memory(location=None),
         steps=[('numerical_imputer',
                 TransformerWrapper(include=[], transformer=SimpleImputer())),
                ('categorical_imputer',
                 TransformerWrapper(include=['age', 'edu_level', 'fav_animals',
                                             'fav_place', 'gender'],
                                    transformer=SimpleImputer(strategy='most_frequent'))),
                ('ordinal_encoding',
                 TransformerWrapper(include=['gender'],
                                    transfo...
                                                                         'data_type': dtype('O'),
                                                                         'mapping': Kobieta      0
M篹czyzna    1
NaN         -1
dtype: int64}]))),
                ('onehot_encoding',
                 TransformerWrapper(include=['age', 'edu_level', 'fav_animals',
                                             'fav_place'],
                                    transformer=OneHotEncoder(cols=['age',
                                                                    'edu_level',
                                                                    'fav_animals',
                                                                    'fav_place'],
                                                              handle_missing='return_nan',
                                                              use_cat_names=True))),
                ('trained_model', KMeans(n_clusters=10, random_state=1234))]), ml_usecase=None)
2026-03-08 18:21:19,653:INFO:Set up data.
2026-03-08 18:21:23,610:INFO:Initializing predict_model()
2026-03-08 18:21:23,611:INFO:predict_model(self=<pycaret.clustering.oop.ClusteringExperiment object at 0x0000014E606ED010>, estimator=Pipeline(memory=Memory(location=None),
         steps=[('numerical_imputer',
                 TransformerWrapper(include=[], transformer=SimpleImputer())),
                ('categorical_imputer',
                 TransformerWrapper(include=['age', 'edu_level', 'fav_animals',
                                             'fav_place', 'gender'],
                                    transformer=SimpleImputer(strategy='most_frequent'))),
                ('ordinal_encoding',
                 TransformerWrapper(include=['gender'],
                                    transfo...
                                                                         'data_type': dtype('O'),
                                                                         'mapping': Kobieta      0
M篹czyzna    1
NaN         -1
dtype: int64}]))),
                ('onehot_encoding',
                 TransformerWrapper(include=['age', 'edu_level', 'fav_animals',
                                             'fav_place'],
                                    transformer=OneHotEncoder(cols=['age',
                                                                    'edu_level',
                                                                    'fav_animals',
                                                                    'fav_place'],
                                                              handle_missing='return_nan',
                                                              use_cat_names=True))),
                ('trained_model', KMeans(n_clusters=10, random_state=1234))]), ml_usecase=None)
2026-03-08 18:21:23,611:INFO:Set up data.
2026-03-08 18:21:29,203:INFO:Initializing predict_model()
2026-03-08 18:21:29,203:INFO:predict_model(self=<pycaret.clustering.oop.ClusteringExperiment object at 0x0000014E5F3E72D0>, estimator=Pipeline(memory=Memory(location=None),
         steps=[('numerical_imputer',
                 TransformerWrapper(include=[], transformer=SimpleImputer())),
                ('categorical_imputer',
                 TransformerWrapper(include=['age', 'edu_level', 'fav_animals',
                                             'fav_place', 'gender'],
                                    transformer=SimpleImputer(strategy='most_frequent'))),
                ('ordinal_encoding',
                 TransformerWrapper(include=['gender'],
                                    transfo...
                                                                         'data_type': dtype('O'),
                                                                         'mapping': Kobieta      0
M篹czyzna    1
NaN         -1
dtype: int64}]))),
                ('onehot_encoding',
                 TransformerWrapper(include=['age', 'edu_level', 'fav_animals',
                                             'fav_place'],
                                    transformer=OneHotEncoder(cols=['age',
                                                                    'edu_level',
                                                                    'fav_animals',
                                                                    'fav_place'],
                                                              handle_missing='return_nan',
                                                              use_cat_names=True))),
                ('trained_model', KMeans(n_clusters=10, random_state=1234))]), ml_usecase=None)
2026-03-08 18:21:29,203:INFO:Set up data.
